<?xml version="1.0" encoding="UTF-8"?>
<testsuite name="C:/Users/Gauri K/IdeaProjects/SeleniumUI/src/test/java/veryBasicTestNG/testNGDemo.java"
           tests="3"
           failures="1"
           errors="0"
           skipped="1"
           time="0.021">
  <properties />
            <testcase name="testng_two" time="0.012" classname="veryBasicTestNG.testNGDemo">
                <failure type="java.lang.AssertionError"
                  message="Fail"
              >
<![CDATA[java.lang.AssertionError: Fail
  org.testng.Assert.fail(Assert.java:110)
  veryBasicTestNG.testNGDemo.testng_two(testNGDemo.java:17)
  java.base/jdk.internal.reflect.NativeMethodAccessorImpl.invoke0(Native Method)
  java.base/jdk.internal.reflect.NativeMethodAccessorImpl.invoke(NativeMethodAccessorImpl.java:62)
  java.base/jdk.internal.reflect.DelegatingMethodAccessorImpl.invoke(DelegatingMethodAccessorImpl.java:43)
  java.base/java.lang.reflect.Method.invoke(Method.java:566)
  org.testng.internal.invokers.MethodInvocationHelper.invokeMethod(MethodInvocationHelper.java:139)
  org.testng.internal.invokers.TestInvoker.invokeMethod(TestInvoker.java:677)
  org.testng.internal.invokers.TestInvoker.invokeTestMethod(TestInvoker.java:221)
  org.testng.internal.invokers.MethodRunner.runInSequence(MethodRunner.java:50)
  org.testng.internal.invokers.TestInvoker$MethodInvocationAgent.invoke(TestInvoker.java:962)
  org.testng.internal.invokers.TestInvoker.invokeTestMethods(TestInvoker.java:194)
  org.testng.internal.invokers.TestMethodWorker.invokeTestMethods(TestMethodWorker.java:148)
  org.testng.internal.invokers.TestMethodWorker.run(TestMethodWorker.java:128)
  java.base/java.util.concurrent.ThreadPoolExecutor.runWorker(ThreadPoolExecutor.java:1128)
  java.base/java.util.concurrent.ThreadPoolExecutor$Worker.run(ThreadPoolExecutor.java:628)
  java.base/java.lang.Thread.run(Thread.java:829)
]]>
      </failure>

          </testcase>
  
            <testcase name="testng_one" time="0.0" classname="veryBasicTestNG.testNGDemo">
          <skipped />
    </testcase>
  
            <testcase name="testng_three" time="0.009" classname="veryBasicTestNG.testNGDemo" />
      
</testsuite>
